  binary.cpp
  graphbuilder.cpp
  graphbuilderadapter.cpp
  convert.cpp
  depthguard.cpp
  directives.cpp
  emit.cpp
  emitfromevents.cpp
  emitter.cpp
  emitterstate.cpp
  emitterutils.cpp
  exceptions.cpp
  exp.cpp
  memory.cpp
  node.cpp
  node_data.cpp
  nodebuilder.cpp
  nodeevents.cpp
  null.cpp
D:\study\dev\Hazel\Hazel\vendor\yaml-cpp\src\node_data.cpp(6,1): warning C4005: “YAML_CPP_STATIC_DEFINE”: 宏重定义
  D:\study\dev\Hazel\Hazel\vendor\yaml-cpp\src\node_data.cpp(6,1):
  之前在命令行上声明的“YAML_CPP_STATIC_DEFINE”
  
  ostream_wrapper.cpp
  parse.cpp
  parser.cpp
  regex_yaml.cpp
  scanner.cpp
  scanscalar.cpp
  scantag.cpp
  scantoken.cpp
  simplekey.cpp
  singledocparser.cpp
  stream.cpp
  tag.cpp
  yaml-cpp.vcxproj -> D:\study\dev\Hazel\Hazel\vendor\yaml-cpp\bin\Debug-windows-x86_64\yaml-cpp\yaml-cpp.lib
